<?xml version="1.0" encoding="UTF-8"?>
<testng-results skipped="0" failed="0" total="4" passed="4">
  <reporter-output>
  </reporter-output>
  <suite name="TestSuite" duration-ms="165985" started-at="2017-02-22T15:43:19Z" finished-at="2017-02-22T15:46:05Z">
    <groups>
    </groups>
    <test name="Test" duration-ms="165985" started-at="2017-02-22T15:43:19Z" finished-at="2017-02-22T15:46:05Z">
      <class name="com.ch.occ.test.CheckoutWithOurFrameWork">
        <test-method status="PASS" signature="time()[pri:0, instance:com.ch.occ.test.CheckoutWithOurFrameWork@482f8f11]" name="time" is-config="true" duration-ms="8" started-at="2017-02-22T21:13:19Z" finished-at="2017-02-22T21:13:19Z">
          <reporter-output>
          </reporter-output>
        </test-method> <!-- time -->
        <test-method status="PASS" signature="OCCUrl()[pri:0, instance:com.ch.occ.test.CheckoutWithOurFrameWork@482f8f11]" name="OCCUrl" is-config="true" duration-ms="79454" started-at="2017-02-22T21:13:19Z" finished-at="2017-02-22T21:14:39Z">
          <reporter-output>
          </reporter-output>
        </test-method> <!-- OCCUrl -->
        <test-method status="PASS" signature="OCCUrl()[pri:0, instance:com.ch.occ.test.CheckoutWithOurFrameWork@482f8f11]" name="OCCUrl" is-config="true" duration-ms="76264" started-at="2017-02-22T21:13:19Z" finished-at="2017-02-22T21:14:36Z">
          <reporter-output>
          </reporter-output>
        </test-method> <!-- OCCUrl -->
        <test-method status="PASS" signature="OCCUrl()[pri:0, instance:com.ch.occ.test.CheckoutWithOurFrameWork@482f8f11]" name="OCCUrl" is-config="true" duration-ms="85179" started-at="2017-02-22T21:13:19Z" finished-at="2017-02-22T21:14:45Z">
          <reporter-output>
          </reporter-output>
        </test-method> <!-- OCCUrl -->
        <test-method status="PASS" signature="OCCUrl()[pri:0, instance:com.ch.occ.test.CheckoutWithOurFrameWork@482f8f11]" name="OCCUrl" is-config="true" duration-ms="83333" started-at="2017-02-22T21:13:19Z" finished-at="2017-02-22T21:14:43Z">
          <reporter-output>
          </reporter-output>
        </test-method> <!-- OCCUrl -->
        <test-method status="PASS" signature="verifyFieldsInCheckoutPage()[pri:0, instance:com.ch.occ.test.CheckoutWithOurFrameWork@482f8f11]" name="verifyFieldsInCheckoutPage" duration-ms="78848" started-at="2017-02-22T21:14:36Z" finished-at="2017-02-22T21:15:55Z">
          <reporter-output>
          </reporter-output>
        </test-method> <!-- verifyFieldsInCheckoutPage -->
        <test-method status="PASS" signature="checkEntVaildDataShipAddFieldsAndAllMantFields()[pri:0, instance:com.ch.occ.test.CheckoutWithOurFrameWork@482f8f11]" name="checkEntVaildDataShipAddFieldsAndAllMantFields" duration-ms="60423" started-at="2017-02-22T21:14:39Z" finished-at="2017-02-22T21:15:39Z">
          <reporter-output>
          </reporter-output>
        </test-method> <!-- checkEntVaildDataShipAddFieldsAndAllMantFields -->
        <test-method status="PASS" signature="allFieldsBlankInCheckByLoguser()[pri:0, instance:com.ch.occ.test.CheckoutWithOurFrameWork@482f8f11]" name="allFieldsBlankInCheckByLoguser" duration-ms="82433" started-at="2017-02-22T21:14:43Z" finished-at="2017-02-22T21:16:05Z">
          <reporter-output>
          </reporter-output>
        </test-method> <!-- allFieldsBlankInCheckByLoguser -->
        <test-method status="PASS" signature="billAddressFilledAllFieldsToCheckout()[pri:0, instance:com.ch.occ.test.CheckoutWithOurFrameWork@482f8f11]" name="billAddressFilledAllFieldsToCheckout" duration-ms="56919" started-at="2017-02-22T21:14:45Z" finished-at="2017-02-22T21:15:42Z">
          <reporter-output>
          </reporter-output>
        </test-method> <!-- billAddressFilledAllFieldsToCheckout -->
        <test-method status="PASS" signature="testQuitDriver()[pri:0, instance:com.ch.occ.test.CheckoutWithOurFrameWork@482f8f11]" name="testQuitDriver" is-config="true" duration-ms="1" started-at="2017-02-22T21:15:40Z" finished-at="2017-02-22T21:15:40Z">
          <reporter-output>
          </reporter-output>
        </test-method> <!-- testQuitDriver -->
        <test-method status="PASS" signature="testQuitDriver()[pri:0, instance:com.ch.occ.test.CheckoutWithOurFrameWork@482f8f11]" name="testQuitDriver" is-config="true" duration-ms="0" started-at="2017-02-22T21:15:42Z" finished-at="2017-02-22T21:15:42Z">
          <reporter-output>
          </reporter-output>
        </test-method> <!-- testQuitDriver -->
        <test-method status="PASS" signature="testQuitDriver()[pri:0, instance:com.ch.occ.test.CheckoutWithOurFrameWork@482f8f11]" name="testQuitDriver" is-config="true" duration-ms="0" started-at="2017-02-22T21:15:55Z" finished-at="2017-02-22T21:15:55Z">
          <reporter-output>
          </reporter-output>
        </test-method> <!-- testQuitDriver -->
        <test-method status="PASS" signature="testQuitDriver()[pri:0, instance:com.ch.occ.test.CheckoutWithOurFrameWork@482f8f11]" name="testQuitDriver" is-config="true" duration-ms="0" started-at="2017-02-22T21:16:05Z" finished-at="2017-02-22T21:16:05Z">
          <reporter-output>
          </reporter-output>
        </test-method> <!-- testQuitDriver -->
        <test-method status="PASS" signature="reportgenerator()[pri:0, instance:com.ch.occ.test.CheckoutWithOurFrameWork@482f8f11]" name="reportgenerator" is-config="true" duration-ms="9060" started-at="2017-02-22T21:16:05Z" finished-at="2017-02-22T21:16:15Z">
          <reporter-output>
          </reporter-output>
        </test-method> <!-- reportgenerator -->
        <test-method status="PASS" signature="endtime()[pri:0, instance:com.ch.occ.test.CheckoutWithOurFrameWork@482f8f11]" name="endtime" is-config="true" duration-ms="0" started-at="2017-02-22T21:16:05Z" finished-at="2017-02-22T21:16:05Z">
          <reporter-output>
          </reporter-output>
        </test-method> <!-- endtime -->
      </class> <!-- com.ch.occ.test.CheckoutWithOurFrameWork -->
    </test> <!-- Test -->
  </suite> <!-- TestSuite -->
</testng-results>
